---
driver=<class 'textual.drivers.linux_driver.LinuxDriver'>
Load() >>> Browser(title='Textual')
Mount() >>> Browser(title='uproot-browser')
Mount() >>> DockView(name='DockView#1')
Mount() >>> Header('')
Mount() >>> ScrollView(name='ScrollView#1')
Mount() >>> ScrollView(name='ScrollView#1')
Mount() >>> WindowView(name='WindowView#1')
Mount() >>> TreeView(name='output_0.root')
TRANSLATING layout
WindowChange(WindowView(name='WindowView#1')) >>> ScrollView(name='ScrollView#1')
WindowChange(WindowView(name='WindowView#1')) >>> ScrollView(name='ScrollView#1')
TRANSLATING layout
Leave() >>> Header('uproot-browser')
TRANSLATING layout
set_focus TreeView(name='output_0.root')
Focus() >>> TreeView(name='output_0.root')
MouseDown(x=20, y=2, screen_y=5, button=1) >>> TreeView(name='output_0.root')
WindowChange(WindowView(name='WindowView#1')) >>> ScrollView(name='ScrollView#1')
MouseUp(x=20, y=2, screen_y=5, button=1) >>> TreeView(name='output_0.root')
Click(x=20, y=2, screen_y=5, button=1) >>> TreeView(name='output_0.root')
ACTION TreeView(name='output_0.root') click_label
TreeClick(node=TreeNode(id=1, label='//HTauTauTree', data=UprootItem(path='//HTauTauTree', item=<TTree 'HTauTauTree' (1138 branches) at 0x7fdfbd06e520>))) >>> TreeView(name='output_0.root')
TRANSLATING layout
TRANSLATING layout
CursorMove(TreeView(name='output_0.root')) >>> ScrollView(name='ScrollView#1')
WindowChange(WindowView(name='WindowView#1')) >>> ScrollView(name='ScrollView#1')
WindowChange(WindowView(name='WindowView#1')) >>> ScrollView(name='ScrollView#1')
Enter() >>> ScrollBar(virtual_size=1303, window_size=31, position=0)
Leave() >>> ScrollBar(virtual_size=1303, window_size=31, position=0)
TRANSLATING layout
Enter() >>> ScrollBar(virtual_size=1303, window_size=31, position=0)
Leave() >>> ScrollBar(virtual_size=1303, window_size=31, position=0)
TRANSLATING layout
TRANSLATING layout
TRANSLATING layout
TRANSLATING layout
MouseScrollUp() >>> ScrollView(name='ScrollView#1')
MouseScrollUp() >>> ScrollView(name='ScrollView#1')
MouseScrollUp() >>> ScrollView(name='ScrollView#1')
MouseScrollUp() >>> ScrollView(name='ScrollView#1')
MouseScrollUp() >>> ScrollView(name='ScrollView#1')
MouseScrollUp() >>> ScrollView(name='ScrollView#1')
MouseScrollUp() >>> ScrollView(name='ScrollView#1')
MouseScrollUp() >>> ScrollView(name='ScrollView#1')
MouseScrollUp() >>> ScrollView(name='ScrollView#1')
MouseScrollUp() >>> ScrollView(name='ScrollView#1')
MouseScrollUp() >>> ScrollView(name='ScrollView#1')
MouseScrollUp() >>> ScrollView(name='ScrollView#1')
MouseScrollUp() >>> ScrollView(name='ScrollView#1')
MouseScrollUp() >>> ScrollView(name='ScrollView#1')
MouseScrollUp() >>> ScrollView(name='ScrollView#1')
MouseScrollUp() >>> ScrollView(name='ScrollView#1')
MouseScrollUp() >>> ScrollView(name='ScrollView#1')
MouseScrollUp() >>> ScrollView(name='ScrollView#1')
MouseScrollUp() >>> ScrollView(name='ScrollView#1')
MouseScrollUp() >>> ScrollView(name='ScrollView#1')
MouseScrollUp() >>> ScrollView(name='ScrollView#1')
MouseScrollUp() >>> ScrollView(name='ScrollView#1')
MouseScrollUp() >>> ScrollView(name='ScrollView#1')
MouseScrollUp() >>> ScrollView(name='ScrollView#1')
MouseScrollUp() >>> ScrollView(name='ScrollView#1')
MouseScrollUp() >>> ScrollView(name='ScrollView#1')
MouseScrollUp() >>> ScrollView(name='ScrollView#1')
MouseScrollUp() >>> ScrollView(name='ScrollView#1')
MouseScrollUp() >>> ScrollView(name='ScrollView#1')
MouseScrollUp() >>> ScrollView(name='ScrollView#1')
MouseScrollUp() >>> ScrollView(name='ScrollView#1')
MouseScrollUp() >>> ScrollView(name='ScrollView#1')
MouseScrollUp() >>> ScrollView(name='ScrollView#1')
MouseScrollUp() >>> ScrollView(name='ScrollView#1')
MouseScrollUp() >>> ScrollView(name='ScrollView#1')
MouseScrollUp() >>> ScrollView(name='ScrollView#1')
MouseScrollUp() >>> ScrollView(name='ScrollView#1')
MouseScrollUp() >>> ScrollView(name='ScrollView#1')
MouseScrollUp() >>> ScrollView(name='ScrollView#1')
MouseScrollUp() >>> ScrollView(name='ScrollView#1')
MouseScrollUp() >>> ScrollView(name='ScrollView#1')
MouseScrollUp() >>> ScrollView(name='ScrollView#1')
MouseScrollUp() >>> ScrollView(name='ScrollView#1')
MouseScrollUp() >>> ScrollView(name='ScrollView#1')
MouseScrollUp() >>> ScrollView(name='ScrollView#1')
MouseScrollUp() >>> ScrollView(name='ScrollView#1')
MouseScrollUp() >>> ScrollView(name='ScrollView#1')
MouseScrollUp() >>> ScrollView(name='ScrollView#1')
MouseScrollUp() >>> ScrollView(name='ScrollView#1')
MouseScrollUp() >>> ScrollView(name='ScrollView#1')
MouseScrollUp() >>> ScrollView(name='ScrollView#1')
MouseScrollUp() >>> ScrollView(name='ScrollView#1')
MouseScrollUp() >>> ScrollView(name='ScrollView#1')
MouseScrollUp() >>> ScrollView(name='ScrollView#1')
MouseScrollUp() >>> ScrollView(name='ScrollView#1')
MouseScrollUp() >>> ScrollView(name='ScrollView#1')
MouseScrollUp() >>> ScrollView(name='ScrollView#1')
MouseScrollUp() >>> ScrollView(name='ScrollView#1')
MouseScrollUp() >>> ScrollView(name='ScrollView#1')
MouseScrollUp() >>> ScrollView(name='ScrollView#1')
MouseScrollUp() >>> ScrollView(name='ScrollView#1')
MouseScrollUp() >>> ScrollView(name='ScrollView#1')
MouseScrollUp() >>> ScrollView(name='ScrollView#1')
MouseScrollUp() >>> ScrollView(name='ScrollView#1')
MouseScrollUp() >>> ScrollView(name='ScrollView#1')
MouseScrollUp() >>> ScrollView(name='ScrollView#1')
MouseScrollUp() >>> ScrollView(name='ScrollView#1')
MouseScrollUp() >>> ScrollView(name='ScrollView#1')
MouseScrollUp() >>> ScrollView(name='ScrollView#1')
MouseScrollUp() >>> ScrollView(name='ScrollView#1')
MouseScrollUp() >>> ScrollView(name='ScrollView#1')
MouseScrollUp() >>> ScrollView(name='ScrollView#1')
MouseScrollUp() >>> ScrollView(name='ScrollView#1')
MouseScrollUp() >>> ScrollView(name='ScrollView#1')
MouseScrollUp() >>> ScrollView(name='ScrollView#1')
MouseScrollUp() >>> ScrollView(name='ScrollView#1')
MouseScrollUp() >>> ScrollView(name='ScrollView#1')
MouseScrollUp() >>> ScrollView(name='ScrollView#1')
MouseScrollUp() >>> ScrollView(name='ScrollView#1')
MouseScrollUp() >>> ScrollView(name='ScrollView#1')
MouseScrollUp() >>> ScrollView(name='ScrollView#1')
MouseScrollUp() >>> ScrollView(name='ScrollView#1')
MouseScrollUp() >>> ScrollView(name='ScrollView#1')
MouseScrollUp() >>> ScrollView(name='ScrollView#1')
MouseScrollUp() >>> ScrollView(name='ScrollView#1')
MouseScrollUp() >>> ScrollView(name='ScrollView#1')
MouseScrollUp() >>> ScrollView(name='ScrollView#1')
MouseScrollUp() >>> ScrollView(name='ScrollView#1')
MouseScrollUp() >>> ScrollView(name='ScrollView#1')
MouseScrollUp() >>> ScrollView(name='ScrollView#1')
MouseScrollUp() >>> ScrollView(name='ScrollView#1')
MouseScrollUp() >>> ScrollView(name='ScrollView#1')
MouseScrollUp() >>> ScrollView(name='ScrollView#1')
MouseScrollUp() >>> ScrollView(name='ScrollView#1')
MouseScrollUp() >>> ScrollView(name='ScrollView#1')
MouseScrollUp() >>> ScrollView(name='ScrollView#1')
MouseScrollUp() >>> ScrollView(name='ScrollView#1')
MouseScrollUp() >>> ScrollView(name='ScrollView#1')
MouseScrollUp() >>> ScrollView(name='ScrollView#1')
MouseScrollUp() >>> ScrollView(name='ScrollView#1')
MouseScrollUp() >>> ScrollView(name='ScrollView#1')
MouseScrollUp() >>> ScrollView(name='ScrollView#1')
MouseScrollUp() >>> ScrollView(name='ScrollView#1')
MouseScrollUp() >>> ScrollView(name='ScrollView#1')
MouseScrollUp() >>> ScrollView(name='ScrollView#1')
MouseScrollUp() >>> ScrollView(name='ScrollView#1')
MouseScrollUp() >>> ScrollView(name='ScrollView#1')
MouseScrollUp() >>> ScrollView(name='ScrollView#1')
MouseScrollUp() >>> ScrollView(name='ScrollView#1')
MouseScrollUp() >>> ScrollView(name='ScrollView#1')
MouseScrollUp() >>> ScrollView(name='ScrollView#1')
MouseScrollUp() >>> ScrollView(name='ScrollView#1')
MouseScrollUp() >>> ScrollView(name='ScrollView#1')
MouseScrollUp() >>> ScrollView(name='ScrollView#1')
MouseScrollUp() >>> ScrollView(name='ScrollView#1')
MouseScrollUp() >>> ScrollView(name='ScrollView#1')
MouseScrollUp() >>> ScrollView(name='ScrollView#1')
MouseScrollUp() >>> ScrollView(name='ScrollView#1')
MouseScrollUp() >>> ScrollView(name='ScrollView#1')
MouseScrollUp() >>> ScrollView(name='ScrollView#1')
MouseScrollUp() >>> ScrollView(name='ScrollView#1')
MouseScrollUp() >>> ScrollView(name='ScrollView#1')
MouseScrollUp() >>> ScrollView(name='ScrollView#1')
MouseScrollUp() >>> ScrollView(name='ScrollView#1')
MouseScrollUp() >>> ScrollView(name='ScrollView#1')
MouseScrollUp() >>> ScrollView(name='ScrollView#1')
MouseScrollUp() >>> ScrollView(name='ScrollView#1')
MouseScrollUp() >>> ScrollView(name='ScrollView#1')
MouseScrollUp() >>> ScrollView(name='ScrollView#1')
MouseScrollUp() >>> ScrollView(name='ScrollView#1')
MouseScrollUp() >>> ScrollView(name='ScrollView#1')
MouseScrollUp() >>> ScrollView(name='ScrollView#1')
MouseScrollUp() >>> ScrollView(name='ScrollView#1')
MouseScrollUp() >>> ScrollView(name='ScrollView#1')
MouseScrollUp() >>> ScrollView(name='ScrollView#1')
MouseScrollUp() >>> ScrollView(name='ScrollView#1')
MouseScrollUp() >>> ScrollView(name='ScrollView#1')
MouseScrollUp() >>> ScrollView(name='ScrollView#1')
MouseScrollUp() >>> ScrollView(name='ScrollView#1')
MouseScrollUp() >>> ScrollView(name='ScrollView#1')
MouseScrollUp() >>> ScrollView(name='ScrollView#1')
MouseScrollUp() >>> ScrollView(name='ScrollView#1')
MouseScrollUp() >>> ScrollView(name='ScrollView#1')
MouseScrollUp() >>> ScrollView(name='ScrollView#1')
MouseScrollUp() >>> ScrollView(name='ScrollView#1')
MouseScrollUp() >>> ScrollView(name='ScrollView#1')
MouseScrollUp() >>> ScrollView(name='ScrollView#1')
MouseScrollUp() >>> ScrollView(name='ScrollView#1')
MouseScrollUp() >>> ScrollView(name='ScrollView#1')
MouseScrollUp() >>> ScrollView(name='ScrollView#1')
MouseScrollUp() >>> ScrollView(name='ScrollView#1')
MouseScrollUp() >>> ScrollView(name='ScrollView#1')
MouseScrollUp() >>> ScrollView(name='ScrollView#1')
MouseScrollUp() >>> ScrollView(name='ScrollView#1')
MouseScrollUp() >>> ScrollView(name='ScrollView#1')
MouseScrollUp() >>> ScrollView(name='ScrollView#1')
MouseScrollUp() >>> ScrollView(name='ScrollView#1')
MouseScrollUp() >>> ScrollView(name='ScrollView#1')
MouseScrollUp() >>> ScrollView(name='ScrollView#1')
MouseScrollUp() >>> ScrollView(name='ScrollView#1')
MouseScrollUp() >>> ScrollView(name='ScrollView#1')
MouseScrollUp() >>> ScrollView(name='ScrollView#1')
MouseScrollUp() >>> ScrollView(name='ScrollView#1')
MouseScrollUp() >>> ScrollView(name='ScrollView#1')
MouseScrollUp() >>> ScrollView(name='ScrollView#1')
MouseScrollUp() >>> ScrollView(name='ScrollView#1')
MouseScrollUp() >>> ScrollView(name='ScrollView#1')
MouseScrollUp() >>> ScrollView(name='ScrollView#1')
MouseScrollUp() >>> ScrollView(name='ScrollView#1')
MouseScrollUp() >>> ScrollView(name='ScrollView#1')
MouseScrollUp() >>> ScrollView(name='ScrollView#1')
MouseScrollUp() >>> ScrollView(name='ScrollView#1')
MouseScrollUp() >>> ScrollView(name='ScrollView#1')
MouseScrollUp() >>> ScrollView(name='ScrollView#1')
MouseScrollUp() >>> ScrollView(name='ScrollView#1')
MouseScrollUp() >>> ScrollView(name='ScrollView#1')
MouseScrollUp() >>> ScrollView(name='ScrollView#1')
MouseScrollUp() >>> ScrollView(name='ScrollView#1')
MouseScrollUp() >>> ScrollView(name='ScrollView#1')
MouseScrollUp() >>> ScrollView(name='ScrollView#1')
MouseScrollUp() >>> ScrollView(name='ScrollView#1')
MouseScrollUp() >>> ScrollView(name='ScrollView#1')
MouseScrollUp() >>> ScrollView(name='ScrollView#1')
MouseScrollUp() >>> ScrollView(name='ScrollView#1')
MouseScrollUp() >>> ScrollView(name='ScrollView#1')
MouseScrollUp() >>> ScrollView(name='ScrollView#1')
MouseScrollUp() >>> ScrollView(name='ScrollView#1')
MouseScrollUp() >>> ScrollView(name='ScrollView#1')
MouseScrollUp() >>> ScrollView(name='ScrollView#1')
MouseScrollUp() >>> ScrollView(name='ScrollView#1')
MouseScrollUp() >>> ScrollView(name='ScrollView#1')
MouseScrollUp() >>> ScrollView(name='ScrollView#1')
MouseScrollUp() >>> ScrollView(name='ScrollView#1')
MouseScrollUp() >>> ScrollView(name='ScrollView#1')
MouseScrollUp() >>> ScrollView(name='ScrollView#1')
MouseScrollUp() >>> ScrollView(name='ScrollView#1')
MouseScrollUp() >>> ScrollView(name='ScrollView#1')
MouseScrollUp() >>> ScrollView(name='ScrollView#1')
MouseScrollUp() >>> ScrollView(name='ScrollView#1')
MouseScrollUp() >>> ScrollView(name='ScrollView#1')
MouseScrollUp() >>> ScrollView(name='ScrollView#1')
MouseScrollUp() >>> ScrollView(name='ScrollView#1')
MouseScrollUp() >>> ScrollView(name='ScrollView#1')
MouseScrollUp() >>> ScrollView(name='ScrollView#1')
MouseScrollUp() >>> ScrollView(name='ScrollView#1')
MouseScrollUp() >>> ScrollView(name='ScrollView#1')
MouseScrollUp() >>> ScrollView(name='ScrollView#1')
MouseScrollUp() >>> ScrollView(name='ScrollView#1')
MouseScrollUp() >>> ScrollView(name='ScrollView#1')
MouseScrollUp() >>> ScrollView(name='ScrollView#1')
MouseScrollUp() >>> ScrollView(name='ScrollView#1')
MouseScrollUp() >>> ScrollView(name='ScrollView#1')
MouseScrollUp() >>> ScrollView(name='ScrollView#1')
MouseScrollUp() >>> ScrollView(name='ScrollView#1')
MouseScrollUp() >>> ScrollView(name='ScrollView#1')
MouseScrollUp() >>> ScrollView(name='ScrollView#1')
MouseScrollUp() >>> ScrollView(name='ScrollView#1')
MouseScrollUp() >>> ScrollView(name='ScrollView#1')
MouseScrollUp() >>> ScrollView(name='ScrollView#1')
MouseScrollUp() >>> ScrollView(name='ScrollView#1')
MouseScrollUp() >>> ScrollView(name='ScrollView#1')
MouseScrollUp() >>> ScrollView(name='ScrollView#1')
MouseScrollUp() >>> ScrollView(name='ScrollView#1')
MouseScrollUp() >>> ScrollView(name='ScrollView#1')
MouseScrollUp() >>> ScrollView(name='ScrollView#1')
MouseScrollUp() >>> ScrollView(name='ScrollView#1')
MouseScrollUp() >>> ScrollView(name='ScrollView#1')
MouseScrollUp() >>> ScrollView(name='ScrollView#1')
MouseScrollUp() >>> ScrollView(name='ScrollView#1')
MouseScrollUp() >>> ScrollView(name='ScrollView#1')
MouseScrollUp() >>> ScrollView(name='ScrollView#1')
MouseScrollUp() >>> ScrollView(name='ScrollView#1')
MouseScrollUp() >>> ScrollView(name='ScrollView#1')
MouseScrollUp() >>> ScrollView(name='ScrollView#1')
MouseScrollUp() >>> ScrollView(name='ScrollView#1')
MouseScrollUp() >>> ScrollView(name='ScrollView#1')
MouseScrollUp() >>> ScrollView(name='ScrollView#1')
MouseScrollUp() >>> ScrollView(name='ScrollView#1')
MouseScrollUp() >>> ScrollView(name='ScrollView#1')
MouseScrollUp() >>> ScrollView(name='ScrollView#1')
MouseScrollUp() >>> ScrollView(name='ScrollView#1')
MouseScrollUp() >>> ScrollView(name='ScrollView#1')
MouseScrollUp() >>> ScrollView(name='ScrollView#1')
MouseScrollUp() >>> ScrollView(name='ScrollView#1')
MouseScrollUp() >>> ScrollView(name='ScrollView#1')
MouseScrollUp() >>> ScrollView(name='ScrollView#1')
MouseScrollUp() >>> ScrollView(name='ScrollView#1')
MouseScrollUp() >>> ScrollView(name='ScrollView#1')
MouseScrollUp() >>> ScrollView(name='ScrollView#1')
MouseScrollUp() >>> ScrollView(name='ScrollView#1')
MouseScrollUp() >>> ScrollView(name='ScrollView#1')
MouseScrollUp() >>> ScrollView(name='ScrollView#1')
MouseScrollUp() >>> ScrollView(name='ScrollView#1')
MouseScrollUp() >>> ScrollView(name='ScrollView#1')
MouseScrollUp() >>> ScrollView(name='ScrollView#1')
MouseScrollUp() >>> ScrollView(name='ScrollView#1')
MouseScrollUp() >>> ScrollView(name='ScrollView#1')
MouseScrollUp() >>> ScrollView(name='ScrollView#1')
MouseScrollUp() >>> ScrollView(name='ScrollView#1')
MouseScrollUp() >>> ScrollView(name='ScrollView#1')
MouseScrollUp() >>> ScrollView(name='ScrollView#1')
MouseScrollUp() >>> ScrollView(name='ScrollView#1')
MouseScrollUp() >>> ScrollView(name='ScrollView#1')
MouseScrollUp() >>> ScrollView(name='ScrollView#1')
MouseScrollUp() >>> ScrollView(name='ScrollView#1')
MouseScrollUp() >>> ScrollView(name='ScrollView#1')
MouseScrollUp() >>> ScrollView(name='ScrollView#1')
MouseScrollUp() >>> ScrollView(name='ScrollView#1')
MouseScrollUp() >>> ScrollView(name='ScrollView#1')
MouseScrollUp() >>> ScrollView(name='ScrollView#1')
MouseScrollUp() >>> ScrollView(name='ScrollView#1')
MouseScrollUp() >>> ScrollView(name='ScrollView#1')
MouseScrollUp() >>> ScrollView(name='ScrollView#1')
MouseScrollUp() >>> ScrollView(name='ScrollView#1')
MouseScrollUp() >>> ScrollView(name='ScrollView#1')
MouseScrollUp() >>> ScrollView(name='ScrollView#1')
MouseScrollUp() >>> ScrollView(name='ScrollView#1')
MouseScrollUp() >>> ScrollView(name='ScrollView#1')
MouseScrollUp() >>> ScrollView(name='ScrollView#1')
MouseScrollUp() >>> ScrollView(name='ScrollView#1')
MouseScrollUp() >>> ScrollView(name='ScrollView#1')
MouseScrollUp() >>> ScrollView(name='ScrollView#1')
MouseScrollUp() >>> ScrollView(name='ScrollView#1')
MouseScrollUp() >>> ScrollView(name='ScrollView#1')
MouseScrollUp() >>> ScrollView(name='ScrollView#1')
MouseScrollUp() >>> ScrollView(name='ScrollView#1')
MouseScrollUp() >>> ScrollView(name='ScrollView#1')
MouseScrollUp() >>> ScrollView(name='ScrollView#1')
MouseScrollUp() >>> ScrollView(name='ScrollView#1')
MouseScrollUp() >>> ScrollView(name='ScrollView#1')
MouseScrollUp() >>> ScrollView(name='ScrollView#1')
MouseScrollUp() >>> ScrollView(name='ScrollView#1')
MouseScrollUp() >>> ScrollView(name='ScrollView#1')
MouseScrollUp() >>> ScrollView(name='ScrollView#1')
MouseScrollUp() >>> ScrollView(name='ScrollView#1')
MouseScrollUp() >>> ScrollView(name='ScrollView#1')
MouseScrollUp() >>> ScrollView(name='ScrollView#1')
MouseScrollUp() >>> ScrollView(name='ScrollView#1')
MouseScrollUp() >>> ScrollView(name='ScrollView#1')
MouseScrollUp() >>> ScrollView(name='ScrollView#1')
MouseScrollUp() >>> ScrollView(name='ScrollView#1')
MouseScrollUp() >>> ScrollView(name='ScrollView#1')
MouseScrollUp() >>> ScrollView(name='ScrollView#1')
MouseScrollUp() >>> ScrollView(name='ScrollView#1')
MouseScrollUp() >>> ScrollView(name='ScrollView#1')
MouseScrollUp() >>> ScrollView(name='ScrollView#1')
MouseScrollUp() >>> ScrollView(name='ScrollView#1')
MouseScrollUp() >>> ScrollView(name='ScrollView#1')
MouseScrollUp() >>> ScrollView(name='ScrollView#1')
MouseScrollUp() >>> ScrollView(name='ScrollView#1')
MouseScrollUp() >>> ScrollView(name='ScrollView#1')
MouseScrollUp() >>> ScrollView(name='ScrollView#1')
MouseScrollUp() >>> ScrollView(name='ScrollView#1')
MouseScrollUp() >>> ScrollView(name='ScrollView#1')
MouseScrollUp() >>> ScrollView(name='ScrollView#1')
MouseScrollUp() >>> ScrollView(name='ScrollView#1')
MouseScrollUp() >>> ScrollView(name='ScrollView#1')
MouseScrollUp() >>> ScrollView(name='ScrollView#1')
MouseScrollUp() >>> ScrollView(name='ScrollView#1')
MouseScrollUp() >>> ScrollView(name='ScrollView#1')
MouseScrollUp() >>> ScrollView(name='ScrollView#1')
MouseScrollUp() >>> ScrollView(name='ScrollView#1')
MouseScrollUp() >>> ScrollView(name='ScrollView#1')
MouseScrollUp() >>> ScrollView(name='ScrollView#1')
MouseScrollUp() >>> ScrollView(name='ScrollView#1')
MouseScrollUp() >>> ScrollView(name='ScrollView#1')
MouseScrollUp() >>> ScrollView(name='ScrollView#1')
MouseScrollUp() >>> ScrollView(name='ScrollView#1')
MouseScrollUp() >>> ScrollView(name='ScrollView#1')
MouseScrollUp() >>> ScrollView(name='ScrollView#1')
MouseScrollUp() >>> ScrollView(name='ScrollView#1')
MouseScrollUp() >>> ScrollView(name='ScrollView#1')
MouseScrollUp() >>> ScrollView(name='ScrollView#1')
MouseScrollUp() >>> ScrollView(name='ScrollView#1')
MouseScrollUp() >>> ScrollView(name='ScrollView#1')
MouseScrollUp() >>> ScrollView(name='ScrollView#1')
MouseScrollUp() >>> ScrollView(name='ScrollView#1')
MouseScrollUp() >>> ScrollView(name='ScrollView#1')
MouseScrollUp() >>> ScrollView(name='ScrollView#1')
MouseScrollUp() >>> ScrollView(name='ScrollView#1')
MouseScrollUp() >>> ScrollView(name='ScrollView#1')
MouseScrollUp() >>> ScrollView(name='ScrollView#1')
MouseScrollUp() >>> ScrollView(name='ScrollView#1')
MouseScrollUp() >>> ScrollView(name='ScrollView#1')
MouseScrollUp() >>> ScrollView(name='ScrollView#1')
MouseScrollUp() >>> ScrollView(name='ScrollView#1')
MouseScrollUp() >>> ScrollView(name='ScrollView#1')
MouseScrollUp() >>> ScrollView(name='ScrollView#1')
MouseScrollUp() >>> ScrollView(name='ScrollView#1')
MouseScrollUp() >>> ScrollView(name='ScrollView#1')
MouseScrollUp() >>> ScrollView(name='ScrollView#1')
MouseScrollUp() >>> ScrollView(name='ScrollView#1')
MouseScrollUp() >>> ScrollView(name='ScrollView#1')
MouseScrollUp() >>> ScrollView(name='ScrollView#1')
MouseScrollUp() >>> ScrollView(name='ScrollView#1')
MouseScrollUp() >>> ScrollView(name='ScrollView#1')
MouseScrollUp() >>> ScrollView(name='ScrollView#1')
MouseScrollUp() >>> ScrollView(name='ScrollView#1')
MouseScrollUp() >>> ScrollView(name='ScrollView#1')
MouseScrollUp() >>> ScrollView(name='ScrollView#1')
MouseScrollUp() >>> ScrollView(name='ScrollView#1')
MouseScrollUp() >>> ScrollView(name='ScrollView#1')
MouseScrollUp() >>> ScrollView(name='ScrollView#1')
MouseScrollUp() >>> ScrollView(name='ScrollView#1')
MouseScrollUp() >>> ScrollView(name='ScrollView#1')
MouseScrollUp() >>> ScrollView(name='ScrollView#1')
MouseScrollUp() >>> ScrollView(name='ScrollView#1')
MouseScrollUp() >>> ScrollView(name='ScrollView#1')
MouseScrollUp() >>> ScrollView(name='ScrollView#1')
TRANSLATING layout
MouseScrollUp() >>> ScrollView(name='ScrollView#1')
MouseScrollUp() >>> ScrollView(name='ScrollView#1')
MouseScrollUp() >>> ScrollView(name='ScrollView#1')
MouseScrollUp() >>> ScrollView(name='ScrollView#1')
MouseScrollUp() >>> ScrollView(name='ScrollView#1')
MouseScrollUp() >>> ScrollView(name='ScrollView#1')
MouseScrollUp() >>> ScrollView(name='ScrollView#1')
MouseScrollUp() >>> ScrollView(name='ScrollView#1')
MouseScrollUp() >>> ScrollView(name='ScrollView#1')
MouseScrollUp() >>> ScrollView(name='ScrollView#1')
MouseScrollUp() >>> ScrollView(name='ScrollView#1')
MouseScrollUp() >>> ScrollView(name='ScrollView#1')
MouseScrollUp() >>> ScrollView(name='ScrollView#1')
MouseScrollUp() >>> ScrollView(name='ScrollView#1')
MouseScrollUp() >>> ScrollView(name='ScrollView#1')
MouseScrollUp() >>> ScrollView(name='ScrollView#1')
MouseScrollUp() >>> ScrollView(name='ScrollView#1')
MouseScrollUp() >>> ScrollView(name='ScrollView#1')
MouseScrollUp() >>> ScrollView(name='ScrollView#1')
MouseScrollUp() >>> ScrollView(name='ScrollView#1')
MouseScrollUp() >>> ScrollView(name='ScrollView#1')
MouseScrollUp() >>> ScrollView(name='ScrollView#1')
MouseScrollUp() >>> ScrollView(name='ScrollView#1')
MouseScrollUp() >>> ScrollView(name='ScrollView#1')
MouseScrollUp() >>> ScrollView(name='ScrollView#1')
MouseScrollUp() >>> ScrollView(name='ScrollView#1')
MouseScrollUp() >>> ScrollView(name='ScrollView#1')
MouseScrollUp() >>> ScrollView(name='ScrollView#1')
MouseScrollUp() >>> ScrollView(name='ScrollView#1')
MouseScrollUp() >>> ScrollView(name='ScrollView#1')
MouseScrollUp() >>> ScrollView(name='ScrollView#1')
MouseScrollUp() >>> ScrollView(name='ScrollView#1')
MouseScrollUp() >>> ScrollView(name='ScrollView#1')
MouseScrollUp() >>> ScrollView(name='ScrollView#1')
MouseScrollUp() >>> ScrollView(name='ScrollView#1')
MouseScrollUp() >>> ScrollView(name='ScrollView#1')
MouseScrollUp() >>> ScrollView(name='ScrollView#1')
MouseScrollUp() >>> ScrollView(name='ScrollView#1')
MouseScrollUp() >>> ScrollView(name='ScrollView#1')
MouseScrollUp() >>> ScrollView(name='ScrollView#1')
MouseScrollUp() >>> ScrollView(name='ScrollView#1')
MouseScrollUp() >>> ScrollView(name='ScrollView#1')
MouseScrollUp() >>> ScrollView(name='ScrollView#1')
MouseScrollUp() >>> ScrollView(name='ScrollView#1')
MouseScrollUp() >>> ScrollView(name='ScrollView#1')
MouseScrollUp() >>> ScrollView(name='ScrollView#1')
MouseScrollUp() >>> ScrollView(name='ScrollView#1')
MouseScrollUp() >>> ScrollView(name='ScrollView#1')
MouseScrollUp() >>> ScrollView(name='ScrollView#1')
MouseScrollUp() >>> ScrollView(name='ScrollView#1')
MouseScrollUp() >>> ScrollView(name='ScrollView#1')
MouseScrollUp() >>> ScrollView(name='ScrollView#1')
MouseScrollUp() >>> ScrollView(name='ScrollView#1')
MouseScrollUp() >>> ScrollView(name='ScrollView#1')
MouseScrollUp() >>> ScrollView(name='ScrollView#1')
MouseScrollUp() >>> ScrollView(name='ScrollView#1')
MouseScrollUp() >>> ScrollView(name='ScrollView#1')
MouseScrollUp() >>> ScrollView(name='ScrollView#1')
MouseScrollUp() >>> ScrollView(name='ScrollView#1')
MouseScrollUp() >>> ScrollView(name='ScrollView#1')
MouseScrollUp() >>> ScrollView(name='ScrollView#1')
MouseScrollUp() >>> ScrollView(name='ScrollView#1')
MouseScrollUp() >>> ScrollView(name='ScrollView#1')
MouseScrollUp() >>> ScrollView(name='ScrollView#1')
MouseScrollUp() >>> ScrollView(name='ScrollView#1')
MouseScrollUp() >>> ScrollView(name='ScrollView#1')
MouseScrollUp() >>> ScrollView(name='ScrollView#1')
MouseScrollUp() >>> ScrollView(name='ScrollView#1')
MouseScrollUp() >>> ScrollView(name='ScrollView#1')
MouseScrollUp() >>> ScrollView(name='ScrollView#1')
MouseScrollUp() >>> ScrollView(name='ScrollView#1')
MouseScrollUp() >>> ScrollView(name='ScrollView#1')
MouseScrollUp() >>> ScrollView(name='ScrollView#1')
MouseScrollUp() >>> ScrollView(name='ScrollView#1')
MouseScrollUp() >>> ScrollView(name='ScrollView#1')
MouseScrollUp() >>> ScrollView(name='ScrollView#1')
MouseScrollUp() >>> ScrollView(name='ScrollView#1')
MouseScrollUp() >>> ScrollView(name='ScrollView#1')
MouseScrollUp() >>> ScrollView(name='ScrollView#1')
MouseScrollUp() >>> ScrollView(name='ScrollView#1')
MouseScrollUp() >>> ScrollView(name='ScrollView#1')
MouseScrollUp() >>> ScrollView(name='ScrollView#1')
MouseScrollUp() >>> ScrollView(name='ScrollView#1')
MouseScrollUp() >>> ScrollView(name='ScrollView#1')
MouseScrollUp() >>> ScrollView(name='ScrollView#1')
MouseScrollUp() >>> ScrollView(name='ScrollView#1')
MouseScrollUp() >>> ScrollView(name='ScrollView#1')
MouseScrollUp() >>> ScrollView(name='ScrollView#1')
MouseScrollUp() >>> ScrollView(name='ScrollView#1')
MouseScrollUp() >>> ScrollView(name='ScrollView#1')
MouseScrollUp() >>> ScrollView(name='ScrollView#1')
MouseScrollUp() >>> ScrollView(name='ScrollView#1')
MouseScrollUp() >>> ScrollView(name='ScrollView#1')
MouseScrollUp() >>> ScrollView(name='ScrollView#1')
MouseScrollUp() >>> ScrollView(name='ScrollView#1')
MouseScrollUp() >>> ScrollView(name='ScrollView#1')
MouseScrollUp() >>> ScrollView(name='ScrollView#1')
MouseScrollUp() >>> ScrollView(name='ScrollView#1')
MouseScrollUp() >>> ScrollView(name='ScrollView#1')
MouseScrollUp() >>> ScrollView(name='ScrollView#1')
MouseScrollUp() >>> ScrollView(name='ScrollView#1')
MouseScrollUp() >>> ScrollView(name='ScrollView#1')
MouseScrollUp() >>> ScrollView(name='ScrollView#1')
MouseScrollUp() >>> ScrollView(name='ScrollView#1')
MouseScrollUp() >>> ScrollView(name='ScrollView#1')
MouseScrollUp() >>> ScrollView(name='ScrollView#1')
MouseScrollUp() >>> ScrollView(name='ScrollView#1')
MouseScrollUp() >>> ScrollView(name='ScrollView#1')
MouseScrollUp() >>> ScrollView(name='ScrollView#1')
MouseScrollUp() >>> ScrollView(name='ScrollView#1')
MouseScrollUp() >>> ScrollView(name='ScrollView#1')
MouseScrollUp() >>> ScrollView(name='ScrollView#1')
MouseScrollUp() >>> ScrollView(name='ScrollView#1')
MouseScrollUp() >>> ScrollView(name='ScrollView#1')
MouseScrollUp() >>> ScrollView(name='ScrollView#1')
MouseScrollUp() >>> ScrollView(name='ScrollView#1')
MouseScrollUp() >>> ScrollView(name='ScrollView#1')
MouseScrollUp() >>> ScrollView(name='ScrollView#1')
MouseScrollUp() >>> ScrollView(name='ScrollView#1')
MouseScrollUp() >>> ScrollView(name='ScrollView#1')
MouseScrollUp() >>> ScrollView(name='ScrollView#1')
MouseScrollUp() >>> ScrollView(name='ScrollView#1')
MouseScrollUp() >>> ScrollView(name='ScrollView#1')
MouseScrollUp() >>> ScrollView(name='ScrollView#1')
MouseScrollUp() >>> ScrollView(name='ScrollView#1')
MouseScrollUp() >>> ScrollView(name='ScrollView#1')
MouseScrollUp() >>> ScrollView(name='ScrollView#1')
MouseScrollUp() >>> ScrollView(name='ScrollView#1')
MouseScrollUp() >>> ScrollView(name='ScrollView#1')
MouseScrollUp() >>> ScrollView(name='ScrollView#1')
MouseScrollUp() >>> ScrollView(name='ScrollView#1')
MouseScrollUp() >>> ScrollView(name='ScrollView#1')
MouseScrollUp() >>> ScrollView(name='ScrollView#1')
MouseScrollUp() >>> ScrollView(name='ScrollView#1')
MouseScrollUp() >>> ScrollView(name='ScrollView#1')
MouseScrollUp() >>> ScrollView(name='ScrollView#1')
MouseScrollUp() >>> ScrollView(name='ScrollView#1')
MouseScrollUp() >>> ScrollView(name='ScrollView#1')
MouseScrollUp() >>> ScrollView(name='ScrollView#1')
MouseScrollUp() >>> ScrollView(name='ScrollView#1')
MouseScrollUp() >>> ScrollView(name='ScrollView#1')
MouseScrollUp() >>> ScrollView(name='ScrollView#1')
MouseScrollUp() >>> ScrollView(name='ScrollView#1')
MouseScrollUp() >>> ScrollView(name='ScrollView#1')
MouseScrollUp() >>> ScrollView(name='ScrollView#1')
MouseScrollUp() >>> ScrollView(name='ScrollView#1')
MouseScrollUp() >>> ScrollView(name='ScrollView#1')
MouseScrollUp() >>> ScrollView(name='ScrollView#1')
MouseScrollUp() >>> ScrollView(name='ScrollView#1')
MouseScrollUp() >>> ScrollView(name='ScrollView#1')
MouseScrollUp() >>> ScrollView(name='ScrollView#1')
MouseScrollUp() >>> ScrollView(name='ScrollView#1')
MouseScrollUp() >>> ScrollView(name='ScrollView#1')
MouseScrollUp() >>> ScrollView(name='ScrollView#1')
MouseScrollUp() >>> ScrollView(name='ScrollView#1')
MouseScrollUp() >>> ScrollView(name='ScrollView#1')
MouseScrollUp() >>> ScrollView(name='ScrollView#1')
MouseScrollUp() >>> ScrollView(name='ScrollView#1')
MouseScrollUp() >>> ScrollView(name='ScrollView#1')
MouseScrollUp() >>> ScrollView(name='ScrollView#1')
MouseScrollUp() >>> ScrollView(name='ScrollView#1')
MouseScrollUp() >>> ScrollView(name='ScrollView#1')
MouseScrollUp() >>> ScrollView(name='ScrollView#1')
MouseScrollUp() >>> ScrollView(name='ScrollView#1')
MouseScrollUp() >>> ScrollView(name='ScrollView#1')
MouseScrollUp() >>> ScrollView(name='ScrollView#1')
MouseScrollUp() >>> ScrollView(name='ScrollView#1')
MouseScrollUp() >>> ScrollView(name='ScrollView#1')
MouseScrollUp() >>> ScrollView(name='ScrollView#1')
MouseScrollUp() >>> ScrollView(name='ScrollView#1')
MouseScrollUp() >>> ScrollView(name='ScrollView#1')
MouseScrollUp() >>> ScrollView(name='ScrollView#1')
MouseScrollUp() >>> ScrollView(name='ScrollView#1')
MouseScrollUp() >>> ScrollView(name='ScrollView#1')
MouseScrollUp() >>> ScrollView(name='ScrollView#1')
MouseScrollUp() >>> ScrollView(name='ScrollView#1')
MouseScrollUp() >>> ScrollView(name='ScrollView#1')
MouseScrollUp() >>> ScrollView(name='ScrollView#1')
MouseScrollUp() >>> ScrollView(name='ScrollView#1')
MouseScrollUp() >>> ScrollView(name='ScrollView#1')
MouseScrollUp() >>> ScrollView(name='ScrollView#1')
MouseScrollUp() >>> ScrollView(name='ScrollView#1')
MouseScrollUp() >>> ScrollView(name='ScrollView#1')
MouseScrollUp() >>> ScrollView(name='ScrollView#1')
MouseScrollUp() >>> ScrollView(name='ScrollView#1')
MouseScrollUp() >>> ScrollView(name='ScrollView#1')
MouseScrollUp() >>> ScrollView(name='ScrollView#1')
MouseScrollUp() >>> ScrollView(name='ScrollView#1')
MouseScrollUp() >>> ScrollView(name='ScrollView#1')
MouseScrollUp() >>> ScrollView(name='ScrollView#1')
MouseScrollUp() >>> ScrollView(name='ScrollView#1')
MouseScrollUp() >>> ScrollView(name='ScrollView#1')
MouseScrollUp() >>> ScrollView(name='ScrollView#1')
MouseScrollUp() >>> ScrollView(name='ScrollView#1')
MouseScrollUp() >>> ScrollView(name='ScrollView#1')
MouseScrollUp() >>> ScrollView(name='ScrollView#1')
MouseScrollUp() >>> ScrollView(name='ScrollView#1')
MouseScrollUp() >>> ScrollView(name='ScrollView#1')
MouseScrollUp() >>> ScrollView(name='ScrollView#1')
MouseScrollUp() >>> ScrollView(name='ScrollView#1')
MouseScrollUp() >>> ScrollView(name='ScrollView#1')
MouseScrollUp() >>> ScrollView(name='ScrollView#1')
MouseScrollUp() >>> ScrollView(name='ScrollView#1')
MouseScrollUp() >>> ScrollView(name='ScrollView#1')
MouseScrollUp() >>> ScrollView(name='ScrollView#1')
MouseScrollUp() >>> ScrollView(name='ScrollView#1')
MouseScrollUp() >>> ScrollView(name='ScrollView#1')
MouseScrollUp() >>> ScrollView(name='ScrollView#1')
MouseScrollUp() >>> ScrollView(name='ScrollView#1')
MouseScrollUp() >>> ScrollView(name='ScrollView#1')
MouseScrollUp() >>> ScrollView(name='ScrollView#1')
MouseScrollUp() >>> ScrollView(name='ScrollView#1')
MouseScrollUp() >>> ScrollView(name='ScrollView#1')
MouseScrollUp() >>> ScrollView(name='ScrollView#1')
MouseScrollUp() >>> ScrollView(name='ScrollView#1')
MouseScrollUp() >>> ScrollView(name='ScrollView#1')
MouseScrollUp() >>> ScrollView(name='ScrollView#1')
MouseScrollUp() >>> ScrollView(name='ScrollView#1')
MouseScrollUp() >>> ScrollView(name='ScrollView#1')
MouseScrollUp() >>> ScrollView(name='ScrollView#1')
MouseScrollUp() >>> ScrollView(name='ScrollView#1')
MouseScrollUp() >>> ScrollView(name='ScrollView#1')
MouseScrollUp() >>> ScrollView(name='ScrollView#1')
MouseScrollUp() >>> ScrollView(name='ScrollView#1')
MouseScrollUp() >>> ScrollView(name='ScrollView#1')
MouseScrollUp() >>> ScrollView(name='ScrollView#1')
MouseScrollUp() >>> ScrollView(name='ScrollView#1')
MouseScrollUp() >>> ScrollView(name='ScrollView#1')
MouseScrollUp() >>> ScrollView(name='ScrollView#1')
MouseScrollUp() >>> ScrollView(name='ScrollView#1')
MouseScrollUp() >>> ScrollView(name='ScrollView#1')
MouseScrollUp() >>> ScrollView(name='ScrollView#1')
MouseScrollUp() >>> ScrollView(name='ScrollView#1')
MouseScrollUp() >>> ScrollView(name='ScrollView#1')
MouseScrollUp() >>> ScrollView(name='ScrollView#1')
MouseScrollUp() >>> ScrollView(name='ScrollView#1')
MouseScrollUp() >>> ScrollView(name='ScrollView#1')
MouseScrollUp() >>> ScrollView(name='ScrollView#1')
MouseScrollUp() >>> ScrollView(name='ScrollView#1')
MouseScrollUp() >>> ScrollView(name='ScrollView#1')
MouseScrollUp() >>> ScrollView(name='ScrollView#1')
MouseScrollUp() >>> ScrollView(name='ScrollView#1')
MouseScrollUp() >>> ScrollView(name='ScrollView#1')
MouseScrollUp() >>> ScrollView(name='ScrollView#1')
MouseScrollUp() >>> ScrollView(name='ScrollView#1')
MouseScrollUp() >>> ScrollView(name='ScrollView#1')
MouseScrollUp() >>> ScrollView(name='ScrollView#1')
MouseScrollUp() >>> ScrollView(name='ScrollView#1')
MouseScrollUp() >>> ScrollView(name='ScrollView#1')
MouseScrollUp() >>> ScrollView(name='ScrollView#1')
MouseScrollUp() >>> ScrollView(name='ScrollView#1')
MouseScrollUp() >>> ScrollView(name='ScrollView#1')
MouseScrollUp() >>> ScrollView(name='ScrollView#1')
MouseScrollUp() >>> ScrollView(name='ScrollView#1')
MouseScrollUp() >>> ScrollView(name='ScrollView#1')
MouseScrollUp() >>> ScrollView(name='ScrollView#1')
MouseScrollUp() >>> ScrollView(name='ScrollView#1')
MouseScrollUp() >>> ScrollView(name='ScrollView#1')
MouseScrollUp() >>> ScrollView(name='ScrollView#1')
MouseScrollUp() >>> ScrollView(name='ScrollView#1')
MouseScrollUp() >>> ScrollView(name='ScrollView#1')
MouseScrollUp() >>> ScrollView(name='ScrollView#1')
MouseScrollUp() >>> ScrollView(name='ScrollView#1')
MouseScrollUp() >>> ScrollView(name='ScrollView#1')
MouseScrollUp() >>> ScrollView(name='ScrollView#1')
MouseScrollUp() >>> ScrollView(name='ScrollView#1')
MouseScrollUp() >>> ScrollView(name='ScrollView#1')
MouseScrollUp() >>> ScrollView(name='ScrollView#1')
MouseScrollUp() >>> ScrollView(name='ScrollView#1')
MouseScrollUp() >>> ScrollView(name='ScrollView#1')
MouseScrollUp() >>> ScrollView(name='ScrollView#1')
MouseScrollUp() >>> ScrollView(name='ScrollView#1')
MouseScrollUp() >>> ScrollView(name='ScrollView#1')
MouseScrollUp() >>> ScrollView(name='ScrollView#1')
MouseScrollUp() >>> ScrollView(name='ScrollView#1')
MouseScrollUp() >>> ScrollView(name='ScrollView#1')
MouseScrollUp() >>> ScrollView(name='ScrollView#1')
MouseScrollUp() >>> ScrollView(name='ScrollView#1')
MouseScrollUp() >>> ScrollView(name='ScrollView#1')
MouseScrollUp() >>> ScrollView(name='ScrollView#1')
MouseScrollUp() >>> ScrollView(name='ScrollView#1')
MouseScrollUp() >>> ScrollView(name='ScrollView#1')
MouseScrollUp() >>> ScrollView(name='ScrollView#1')
MouseScrollUp() >>> ScrollView(name='ScrollView#1')
MouseScrollUp() >>> ScrollView(name='ScrollView#1')
MouseScrollUp() >>> ScrollView(name='ScrollView#1')
MouseScrollUp() >>> ScrollView(name='ScrollView#1')
MouseScrollUp() >>> ScrollView(name='ScrollView#1')
MouseScrollUp() >>> ScrollView(name='ScrollView#1')
MouseScrollUp() >>> ScrollView(name='ScrollView#1')
MouseScrollUp() >>> ScrollView(name='ScrollView#1')
MouseScrollUp() >>> ScrollView(name='ScrollView#1')
MouseScrollUp() >>> ScrollView(name='ScrollView#1')
MouseScrollUp() >>> ScrollView(name='ScrollView#1')
MouseScrollUp() >>> ScrollView(name='ScrollView#1')
MouseScrollUp() >>> ScrollView(name='ScrollView#1')
MouseScrollUp() >>> ScrollView(name='ScrollView#1')
MouseScrollUp() >>> ScrollView(name='ScrollView#1')
MouseScrollUp() >>> ScrollView(name='ScrollView#1')
MouseScrollUp() >>> ScrollView(name='ScrollView#1')
MouseScrollUp() >>> ScrollView(name='ScrollView#1')
MouseScrollUp() >>> ScrollView(name='ScrollView#1')
MouseScrollUp() >>> ScrollView(name='ScrollView#1')
MouseScrollUp() >>> ScrollView(name='ScrollView#1')
MouseScrollUp() >>> ScrollView(name='ScrollView#1')
MouseScrollUp() >>> ScrollView(name='ScrollView#1')
MouseScrollUp() >>> ScrollView(name='ScrollView#1')
MouseScrollUp() >>> ScrollView(name='ScrollView#1')
MouseScrollUp() >>> ScrollView(name='ScrollView#1')
MouseScrollUp() >>> ScrollView(name='ScrollView#1')
MouseScrollUp() >>> ScrollView(name='ScrollView#1')
MouseScrollUp() >>> ScrollView(name='ScrollView#1')
MouseScrollUp() >>> ScrollView(name='ScrollView#1')
MouseScrollUp() >>> ScrollView(name='ScrollView#1')
MouseScrollUp() >>> ScrollView(name='ScrollView#1')
MouseScrollUp() >>> ScrollView(name='ScrollView#1')
MouseScrollUp() >>> ScrollView(name='ScrollView#1')
MouseScrollUp() >>> ScrollView(name='ScrollView#1')
MouseScrollUp() >>> ScrollView(name='ScrollView#1')
MouseScrollUp() >>> ScrollView(name='ScrollView#1')
MouseScrollUp() >>> ScrollView(name='ScrollView#1')
MouseScrollUp() >>> ScrollView(name='ScrollView#1')
MouseScrollUp() >>> ScrollView(name='ScrollView#1')
MouseScrollUp() >>> ScrollView(name='ScrollView#1')
MouseScrollUp() >>> ScrollView(name='ScrollView#1')
MouseScrollUp() >>> ScrollView(name='ScrollView#1')
MouseScrollUp() >>> ScrollView(name='ScrollView#1')
MouseScrollUp() >>> ScrollView(name='ScrollView#1')
MouseScrollUp() >>> ScrollView(name='ScrollView#1')
MouseScrollUp() >>> ScrollView(name='ScrollView#1')
MouseScrollUp() >>> ScrollView(name='ScrollView#1')
MouseScrollUp() >>> ScrollView(name='ScrollView#1')
MouseScrollUp() >>> ScrollView(name='ScrollView#1')
MouseScrollUp() >>> ScrollView(name='ScrollView#1')
MouseScrollUp() >>> ScrollView(name='ScrollView#1')
MouseScrollUp() >>> ScrollView(name='ScrollView#1')
MouseScrollUp() >>> ScrollView(name='ScrollView#1')
MouseScrollUp() >>> ScrollView(name='ScrollView#1')
MouseScrollUp() >>> ScrollView(name='ScrollView#1')
MouseScrollUp() >>> ScrollView(name='ScrollView#1')
MouseScrollUp() >>> ScrollView(name='ScrollView#1')
MouseScrollUp() >>> ScrollView(name='ScrollView#1')
MouseScrollUp() >>> ScrollView(name='ScrollView#1')
MouseScrollUp() >>> ScrollView(name='ScrollView#1')
MouseScrollUp() >>> ScrollView(name='ScrollView#1')
MouseScrollUp() >>> ScrollView(name='ScrollView#1')
MouseScrollUp() >>> ScrollView(name='ScrollView#1')
MouseScrollUp() >>> ScrollView(name='ScrollView#1')
MouseScrollUp() >>> ScrollView(name='ScrollView#1')
MouseScrollUp() >>> ScrollView(name='ScrollView#1')
MouseScrollUp() >>> ScrollView(name='ScrollView#1')
MouseScrollUp() >>> ScrollView(name='ScrollView#1')
MouseScrollUp() >>> ScrollView(name='ScrollView#1')
MouseScrollUp() >>> ScrollView(name='ScrollView#1')
MouseScrollUp() >>> ScrollView(name='ScrollView#1')
MouseScrollUp() >>> ScrollView(name='ScrollView#1')
MouseScrollUp() >>> ScrollView(name='ScrollView#1')
MouseScrollUp() >>> ScrollView(name='ScrollView#1')
MouseScrollUp() >>> ScrollView(name='ScrollView#1')
MouseScrollUp() >>> ScrollView(name='ScrollView#1')
MouseScrollUp() >>> ScrollView(name='ScrollView#1')
MouseScrollUp() >>> ScrollView(name='ScrollView#1')
MouseScrollUp() >>> ScrollView(name='ScrollView#1')
MouseScrollUp() >>> ScrollView(name='ScrollView#1')
MouseScrollUp() >>> ScrollView(name='ScrollView#1')
MouseScrollUp() >>> ScrollView(name='ScrollView#1')
MouseScrollUp() >>> ScrollView(name='ScrollView#1')
MouseScrollUp() >>> ScrollView(name='ScrollView#1')
MouseScrollUp() >>> ScrollView(name='ScrollView#1')
MouseScrollUp() >>> ScrollView(name='ScrollView#1')
MouseScrollUp() >>> ScrollView(name='ScrollView#1')
MouseScrollUp() >>> ScrollView(name='ScrollView#1')
MouseScrollUp() >>> ScrollView(name='ScrollView#1')
MouseScrollUp() >>> ScrollView(name='ScrollView#1')
MouseScrollUp() >>> ScrollView(name='ScrollView#1')
MouseScrollUp() >>> ScrollView(name='ScrollView#1')
MouseScrollUp() >>> ScrollView(name='ScrollView#1')
MouseScrollUp() >>> ScrollView(name='ScrollView#1')
MouseScrollUp() >>> ScrollView(name='ScrollView#1')
MouseScrollUp() >>> ScrollView(name='ScrollView#1')
MouseScrollUp() >>> ScrollView(name='ScrollView#1')
MouseScrollUp() >>> ScrollView(name='ScrollView#1')
MouseScrollUp() >>> ScrollView(name='ScrollView#1')
MouseScrollUp() >>> ScrollView(name='ScrollView#1')
MouseScrollUp() >>> ScrollView(name='ScrollView#1')
MouseScrollUp() >>> ScrollView(name='ScrollView#1')
MouseScrollUp() >>> ScrollView(name='ScrollView#1')
MouseScrollUp() >>> ScrollView(name='ScrollView#1')
MouseScrollUp() >>> ScrollView(name='ScrollView#1')
MouseScrollUp() >>> ScrollView(name='ScrollView#1')
MouseScrollUp() >>> ScrollView(name='ScrollView#1')
MouseScrollUp() >>> ScrollView(name='ScrollView#1')
MouseScrollUp() >>> ScrollView(name='ScrollView#1')
MouseScrollUp() >>> ScrollView(name='ScrollView#1')
MouseScrollUp() >>> ScrollView(name='ScrollView#1')
MouseScrollUp() >>> ScrollView(name='ScrollView#1')
MouseScrollUp() >>> ScrollView(name='ScrollView#1')
MouseScrollUp() >>> ScrollView(name='ScrollView#1')
MouseScrollUp() >>> ScrollView(name='ScrollView#1')
MouseScrollUp() >>> ScrollView(name='ScrollView#1')
MouseScrollUp() >>> ScrollView(name='ScrollView#1')
MouseScrollUp() >>> ScrollView(name='ScrollView#1')
MouseScrollUp() >>> ScrollView(name='ScrollView#1')
MouseScrollUp() >>> ScrollView(name='ScrollView#1')
MouseScrollUp() >>> ScrollView(name='ScrollView#1')
MouseScrollUp() >>> ScrollView(name='ScrollView#1')
MouseScrollUp() >>> ScrollView(name='ScrollView#1')
MouseScrollUp() >>> ScrollView(name='ScrollView#1')
MouseScrollUp() >>> ScrollView(name='ScrollView#1')
MouseScrollUp() >>> ScrollView(name='ScrollView#1')
MouseScrollUp() >>> ScrollView(name='ScrollView#1')
MouseScrollUp() >>> ScrollView(name='ScrollView#1')
MouseScrollUp() >>> ScrollView(name='ScrollView#1')
MouseScrollUp() >>> ScrollView(name='ScrollView#1')
MouseScrollUp() >>> ScrollView(name='ScrollView#1')
MouseScrollUp() >>> ScrollView(name='ScrollView#1')
MouseScrollUp() >>> ScrollView(name='ScrollView#1')
MouseScrollUp() >>> ScrollView(name='ScrollView#1')
MouseScrollUp() >>> ScrollView(name='ScrollView#1')
MouseScrollUp() >>> ScrollView(name='ScrollView#1')
MouseScrollUp() >>> ScrollView(name='ScrollView#1')
MouseScrollUp() >>> ScrollView(name='ScrollView#1')
MouseScrollUp() >>> ScrollView(name='ScrollView#1')
MouseScrollUp() >>> ScrollView(name='ScrollView#1')
MouseScrollUp() >>> ScrollView(name='ScrollView#1')
MouseScrollUp() >>> ScrollView(name='ScrollView#1')
MouseScrollUp() >>> ScrollView(name='ScrollView#1')
MouseScrollUp() >>> ScrollView(name='ScrollView#1')
MouseScrollUp() >>> ScrollView(name='ScrollView#1')
MouseScrollUp() >>> ScrollView(name='ScrollView#1')
MouseScrollUp() >>> ScrollView(name='ScrollView#1')
MouseScrollUp() >>> ScrollView(name='ScrollView#1')
MouseScrollUp() >>> ScrollView(name='ScrollView#1')
MouseScrollUp() >>> ScrollView(name='ScrollView#1')
MouseScrollUp() >>> ScrollView(name='ScrollView#1')
MouseScrollUp() >>> ScrollView(name='ScrollView#1')
MouseScrollUp() >>> ScrollView(name='ScrollView#1')
MouseScrollUp() >>> ScrollView(name='ScrollView#1')
MouseScrollUp() >>> ScrollView(name='ScrollView#1')
MouseScrollUp() >>> ScrollView(name='ScrollView#1')
MouseScrollUp() >>> ScrollView(name='ScrollView#1')
MouseScrollUp() >>> ScrollView(name='ScrollView#1')
MouseScrollUp() >>> ScrollView(name='ScrollView#1')
MouseScrollUp() >>> ScrollView(name='ScrollView#1')
MouseScrollUp() >>> ScrollView(name='ScrollView#1')
MouseScrollUp() >>> ScrollView(name='ScrollView#1')
MouseScrollUp() >>> ScrollView(name='ScrollView#1')
MouseScrollUp() >>> ScrollView(name='ScrollView#1')
MouseScrollUp() >>> ScrollView(name='ScrollView#1')
MouseScrollUp() >>> ScrollView(name='ScrollView#1')
TRANSLATING layout
TRANSLATING layout
TRANSLATING layout
TRANSLATING layout
set_focus TreeView(name='output_0.root')
MouseDown(x=17, y=1209, screen_y=20, button=1) >>> TreeView(name='output_0.root')
MouseUp(x=17, y=1209, screen_y=20, button=1) >>> TreeView(name='output_0.root')
Click(x=17, y=1209, screen_y=20, button=1) >>> TreeView(name='output_0.root')
ACTION TreeView(name='output_0.root') click_label
TreeClick(node=TreeNode(id=1053, label='//HTauTauTree/met_phi', data=UprootItem(path='//HTauTauTree/met_phi', item=<TBranch 'met_phi' at 0x7fdfbc5b4fd0>))) >>> TreeView(name='output_0.root')
TRANSLATING layout
UprootClick(TreeView(name='output_0.root')) >>> Browser(title='uproot-browser')
TRANSLATING layout
TRANSLATING layout
set_focus TreeView(name='output_0.root')
MouseDown(x=14, y=1207, screen_y=18, button=1) >>> TreeView(name='output_0.root')
MouseUp(x=14, y=1207, screen_y=18, button=1) >>> TreeView(name='output_0.root')
Click(x=14, y=1207, screen_y=18, button=1) >>> TreeView(name='output_0.root')
ACTION TreeView(name='output_0.root') click_label
TreeClick(node=TreeNode(id=1051, label='//HTauTauTree/met_et', data=UprootItem(path='//HTauTauTree/met_et', item=<TBranch 'met_et' at 0x7fdfbc5b9850>))) >>> TreeView(name='output_0.root')
TRANSLATING layout
UprootClick(TreeView(name='output_0.root')) >>> Browser(title='uproot-browser')
TRANSLATING layout
set_focus TreeView(name='output_0.root')
MouseDown(x=15, y=1208, screen_y=19, button=1) >>> TreeView(name='output_0.root')
MouseUp(x=15, y=1208, screen_y=19, button=1) >>> TreeView(name='output_0.root')
Click(x=15, y=1208, screen_y=19, button=1) >>> TreeView(name='output_0.root')
ACTION TreeView(name='output_0.root') click_label
TreeClick(node=TreeNode(id=1052, label='//HTauTauTree/met_et_corr', data=UprootItem(path='//HTauTauTree/met_et_corr', item=<TBranch 'met_et_corr' at 0x7fdfbc524e20>))) >>> TreeView(name='output_0.root')
TRANSLATING layout
UprootClick(TreeView(name='output_0.root')) >>> Browser(title='uproot-browser')
TRANSLATING layout
set_focus TreeView(name='output_0.root')
MouseDown(x=15, y=1207, screen_y=18, button=1) >>> TreeView(name='output_0.root')
MouseUp(x=15, y=1207, screen_y=18, button=1) >>> TreeView(name='output_0.root')
Click(x=15, y=1207, screen_y=18, button=1) >>> TreeView(name='output_0.root')
ACTION TreeView(name='output_0.root') click_label
TreeClick(node=TreeNode(id=1051, label='//HTauTauTree/met_et', data=UprootItem(path='//HTauTauTree/met_et', item=<TBranch 'met_et' at 0x7fdfbc5b9850>))) >>> TreeView(name='output_0.root')
TRANSLATING layout
UprootClick(TreeView(name='output_0.root')) >>> Browser(title='uproot-browser')
TRANSLATING layout
set_focus TreeView(name='output_0.root')
MouseDown(x=15, y=1208, screen_y=19, button=1) >>> TreeView(name='output_0.root')
MouseUp(x=15, y=1208, screen_y=19, button=1) >>> TreeView(name='output_0.root')
Click(x=15, y=1208, screen_y=19, button=1) >>> TreeView(name='output_0.root')
ACTION TreeView(name='output_0.root') click_label
TreeClick(node=TreeNode(id=1052, label='//HTauTauTree/met_et_corr', data=UprootItem(path='//HTauTauTree/met_et_corr', item=<TBranch 'met_et_corr' at 0x7fdfbc524e20>))) >>> TreeView(name='output_0.root')
TRANSLATING layout
UprootClick(TreeView(name='output_0.root')) >>> Browser(title='uproot-browser')
TRANSLATING layout
set_focus TreeView(name='output_0.root')
MouseDown(x=15, y=1207, screen_y=18, button=1) >>> TreeView(name='output_0.root')
MouseUp(x=15, y=1207, screen_y=18, button=1) >>> TreeView(name='output_0.root')
Click(x=15, y=1207, screen_y=18, button=1) >>> TreeView(name='output_0.root')
ACTION TreeView(name='output_0.root') click_label
TreeClick(node=TreeNode(id=1051, label='//HTauTauTree/met_et', data=UprootItem(path='//HTauTauTree/met_et', item=<TBranch 'met_et' at 0x7fdfbc5b9850>))) >>> TreeView(name='output_0.root')
TRANSLATING layout
UprootClick(TreeView(name='output_0.root')) >>> Browser(title='uproot-browser')
TRANSLATING layout
set_focus TreeView(name='output_0.root')
MouseDown(x=15, y=1208, screen_y=19, button=1) >>> TreeView(name='output_0.root')
MouseUp(x=15, y=1208, screen_y=19, button=1) >>> TreeView(name='output_0.root')
Click(x=15, y=1208, screen_y=19, button=1) >>> TreeView(name='output_0.root')
ACTION TreeView(name='output_0.root') click_label
TreeClick(node=TreeNode(id=1052, label='//HTauTauTree/met_et_corr', data=UprootItem(path='//HTauTauTree/met_et_corr', item=<TBranch 'met_et_corr' at 0x7fdfbc524e20>))) >>> TreeView(name='output_0.root')
TRANSLATING layout
UprootClick(TreeView(name='output_0.root')) >>> Browser(title='uproot-browser')
TRANSLATING layout
set_focus TreeView(name='output_0.root')
MouseDown(x=15, y=1207, screen_y=18, button=1) >>> TreeView(name='output_0.root')
MouseUp(x=15, y=1207, screen_y=18, button=1) >>> TreeView(name='output_0.root')
Click(x=15, y=1207, screen_y=18, button=1) >>> TreeView(name='output_0.root')
ACTION TreeView(name='output_0.root') click_label
TreeClick(node=TreeNode(id=1051, label='//HTauTauTree/met_et', data=UprootItem(path='//HTauTauTree/met_et', item=<TBranch 'met_et' at 0x7fdfbc5b9850>))) >>> TreeView(name='output_0.root')
TRANSLATING layout
UprootClick(TreeView(name='output_0.root')) >>> Browser(title='uproot-browser')
TRANSLATING layout
set_focus TreeView(name='output_0.root')
MouseDown(x=15, y=1208, screen_y=19, button=1) >>> TreeView(name='output_0.root')
MouseUp(x=15, y=1208, screen_y=19, button=1) >>> TreeView(name='output_0.root')
Click(x=15, y=1208, screen_y=19, button=1) >>> TreeView(name='output_0.root')
ACTION TreeView(name='output_0.root') click_label
TreeClick(node=TreeNode(id=1052, label='//HTauTauTree/met_et_corr', data=UprootItem(path='//HTauTauTree/met_et_corr', item=<TBranch 'met_et_corr' at 0x7fdfbc524e20>))) >>> TreeView(name='output_0.root')
TRANSLATING layout
UprootClick(TreeView(name='output_0.root')) >>> Browser(title='uproot-browser')
TRANSLATING layout
TRANSLATING layout
TRANSLATING layout
TRANSLATING layout
TRANSLATING layout
set_focus TreeView(name='output_0.root')
MouseDown(x=16, y=1212, screen_y=23, button=1) >>> TreeView(name='output_0.root')
MouseUp(x=16, y=1212, screen_y=23, button=1) >>> TreeView(name='output_0.root')
Click(x=16, y=1212, screen_y=23, button=1) >>> TreeView(name='output_0.root')
ACTION TreeView(name='output_0.root') click_label
TreeClick(node=TreeNode(id=1056, label='//HTauTauTree/mht_et', data=UprootItem(path='//HTauTauTree/mht_et', item=<TBranch 'mht_et' at 0x7fdfbc5506d0>))) >>> TreeView(name='output_0.root')
TRANSLATING layout
UprootClick(TreeView(name='output_0.root')) >>> Browser(title='uproot-browser')
TRANSLATING layout
TRANSLATING layout
TRANSLATING layout
TRANSLATING layout
set_focus TreeView(name='output_0.root')
MouseDown(x=18, y=1207, screen_y=18, button=1) >>> TreeView(name='output_0.root')
MouseUp(x=18, y=1207, screen_y=18, button=1) >>> TreeView(name='output_0.root')
Click(x=18, y=1207, screen_y=18, button=1) >>> TreeView(name='output_0.root')
ACTION TreeView(name='output_0.root') click_label
TreeClick(node=TreeNode(id=1051, label='//HTauTauTree/met_et', data=UprootItem(path='//HTauTauTree/met_et', item=<TBranch 'met_et' at 0x7fdfbc5b9850>))) >>> TreeView(name='output_0.root')
TRANSLATING layout
UprootClick(TreeView(name='output_0.root')) >>> Browser(title='uproot-browser')
TRANSLATING layout
TRANSLATING layout
set_focus TreeView(name='output_0.root')
MouseDown(x=19, y=1209, screen_y=20, button=1) >>> TreeView(name='output_0.root')
MouseUp(x=19, y=1209, screen_y=20, button=1) >>> TreeView(name='output_0.root')
Click(x=19, y=1209, screen_y=20, button=1) >>> TreeView(name='output_0.root')
ACTION TreeView(name='output_0.root') click_label
TreeClick(node=TreeNode(id=1053, label='//HTauTauTree/met_phi', data=UprootItem(path='//HTauTauTree/met_phi', item=<TBranch 'met_phi' at 0x7fdfbc5b4fd0>))) >>> TreeView(name='output_0.root')
TRANSLATING layout
UprootClick(TreeView(name='output_0.root')) >>> Browser(title='uproot-browser')
Enter() >>> ScrollBar(virtual_size=1303, window_size=31, position=1192)
Leave() >>> ScrollBar(virtual_size=1303, window_size=31, position=1192)
TRANSLATING layout
Leave() >>> Header('uproot-browser')
Enter() >>> ScrollBar(virtual_size=1303, window_size=31, position=1192)
Leave() >>> ScrollBar(virtual_size=1303, window_size=31, position=1192)
TRANSLATING layout
TRANSLATING layout
set_focus Header('uproot-browser')
Blur() >>> TreeView(name='output_0.root')
MouseDown(x=2, y=1, button=1) >>> Header('uproot-browser')
WindowChange(WindowView(name='WindowView#1')) >>> ScrollView(name='ScrollView#1')
MouseUp(x=2, y=1, button=1) >>> Header('uproot-browser')
Click(x=2, y=1, button=1) >>> Header('uproot-browser')
Click(x=2, y=1, button=1) >>> Header('uproot-browser')
ACTION Browser(title='uproot-browser') quit
CLOSED Browser(title='uproot-browser')
PROCESS END
WindowChange(WindowView(name='WindowView#1')) >>> ScrollView(name='ScrollView#1')
CLOSED PlotWidget(name='PlotWidget#1')
CLOSED WindowView(name='WindowView#1')
CLOSED TreeView(name='output_0.root')
CLOSED ScrollBar(virtual_size=47, window_size=48, position=0)
CLOSED Footer(keys=[])
CLOSED ScrollBar(virtual_size=1303, window_size=33, position=1192)
CLOSED Header('uproot-browser')
